<?xml version="1.0" encoding="UTF-8"?>
<!-- Generated by org.testng.reporters.JUnitReportReporter -->
<testsuite skipped="0" hostname="DIGITAL-0099" name="MainClass.NewTest" tests="1" failures="0" timestamp="11 Jul 2022 07:36:51 GMT" time="163.288" errors="0">
  <testcase name="openMyBlog" time="163.288" classname="MainClass.NewTest"/>
</testsuite> <!-- MainClass.NewTest -->
